<?xml version="1.0" encoding="UTF-8"?>
<!-- Generated by org.testng.reporters.JUnitXMLReporter -->
<testsuite ignored="28" hostname="LAPTOP-OS77LBS0" failures="0" tests="0" time="7.122" errors="0" timestamp="2023-04-12T11:57:09 IST">
  <testcase classname="com.product_logistic_friegt_forwarding.Producr_Frieght_Adda_Scenarios" name="verifyCreateServiceType" time="0.0">
    <ignored/>
  </testcase> <!-- verifyCreateServiceType -->
  <testcase classname="com.product_logistic_friegt_forwarding.Producr_Frieght_Adda_Scenarios" name="verifyCreateChageUnit" time="0.0">
    <ignored/>
  </testcase> <!-- verifyCreateChageUnit -->
  <testcase classname="com.product_logistic_friegt_forwarding.Producr_Frieght_Adda_Scenarios" name="verifyReloadAirlineDetails" time="0.0">
    <ignored/>
  </testcase> <!-- verifyReloadAirlineDetails -->
  <testcase classname="com.product_logistic_friegt_forwarding.Producr_Frieght_Adda_Scenarios" name="verifyAdminNavigatesFromAilinepageToMastaerPage" time="0.0">
    <ignored/>
  </testcase> <!-- verifyAdminNavigatesFromAilinepageToMastaerPage -->
  <testcase classname="com.product_logistic_friegt_forwarding.Producr_Frieght_Adda_Scenarios" name="validateAirliePage" time="0.0">
    <ignored/>
  </testcase> <!-- validateAirliePage -->
  <testcase classname="com.product_logistic_friegt_forwarding.Producr_Frieght_Adda_Scenarios" name="verifyAirlineHomePageDiaplayed" time="0.0">
    <ignored/>
  </testcase> <!-- verifyAirlineHomePageDiaplayed -->
  <testcase classname="com.product_logistic_friegt_forwarding.Producr_Frieght_Adda_Scenarios" name="navigatefrom_AirlineUpdatePage_To_AirlinePage" time="0.0">
    <ignored/>
  </testcase> <!-- navigatefrom_AirlineUpdatePage_To_AirlinePage -->
  <testcase classname="com.product_logistic_friegt_forwarding.Producr_Frieght_Adda_Scenarios" name="verifyCreateAirline" time="0.0">
    <ignored/>
  </testcase> <!-- verifyCreateAirline -->
  <testcase classname="com.product_logistic_friegt_forwarding.Producr_Frieght_Adda_Scenarios" name="verifyUpdateDetailsPageDisplayed" time="0.0">
    <ignored/>
  </testcase> <!-- verifyUpdateDetailsPageDisplayed -->
  <testcase classname="product_friegt_basepackage.TestBase" name="test" time="0.0">
    <ignored/>
  </testcase> <!-- test -->
  <testcase classname="com.product_logistic_friegt_forwarding.Producr_Frieght_Adda_Scenarios" name="verifyCreateBranches" time="0.0">
    <ignored/>
  </testcase> <!-- verifyCreateBranches -->
  <testcase classname="com.product_logistic_friegt_forwarding.Producr_Frieght_Adda_Scenarios" name="updateAirline" time="0.0">
    <ignored/>
  </testcase> <!-- updateAirline -->
  <testcase classname="com.product_logistic_friegt_forwarding.Producr_Frieght_Adda_Scenarios" name="navigatefrom_AirlineCreatePage_To_AirlinePage" time="0.0">
    <ignored/>
  </testcase> <!-- navigatefrom_AirlineCreatePage_To_AirlinePage -->
  <testcase classname="com.product_logistic_friegt_forwarding.Producr_Frieght_Adda_Scenarios" name="verifyViewAirline" time="0.0">
    <ignored/>
  </testcase> <!-- verifyViewAirline -->
  <testcase classname="com.product_logistic_friegt_forwarding.Producr_Frieght_Adda_Scenarios" name="verifyUpdateExistingAirlineDetails" time="0.0">
    <ignored/>
  </testcase> <!-- verifyUpdateExistingAirlineDetails -->
  <testcase classname="com.product_logistic_friegt_forwarding.Producr_Frieght_Adda_Scenarios" name="verifySaveButtonFunctionality" time="0.0">
    <ignored/>
  </testcase> <!-- verifySaveButtonFunctionality -->
  <testcase classname="com.product_logistic_friegt_forwarding.Producr_Frieght_Adda_Scenarios" name="verifyAirlineCreateFiledsDisplayed" time="0.0">
    <ignored/>
  </testcase> <!-- verifyAirlineCreateFiledsDisplayed -->
  <testcase classname="com.product_logistic_friegt_forwarding.Producr_Frieght_Adda_Scenarios" name="vereifyIsAirlineCreate" time="0.0">
    <ignored/>
  </testcase> <!-- vereifyIsAirlineCreate -->
  <testcase classname="com.product_logistic_friegt_forwarding.Producr_Frieght_Adda_Scenarios" name="navigatefrom_AirlineCreatePage_To_MasterPage" time="0.0">
    <ignored/>
  </testcase> <!-- navigatefrom_AirlineCreatePage_To_MasterPage -->
  <testcase classname="com.product_logistic_friegt_forwarding.Producr_Frieght_Adda_Scenarios" name="verifyCreateTaxType" time="0.0">
    <ignored/>
  </testcase> <!-- verifyCreateTaxType -->
  <testcase classname="com.product_logistic_friegt_forwarding.Producr_Frieght_Adda_Scenarios" name="verifyDownloadAirlinesDetialsInCsvFormat" time="0.0">
    <ignored/>
  </testcase> <!-- verifyDownloadAirlinesDetialsInCsvFormat -->
  <testcase classname="com.product_logistic_friegt_forwarding.Producr_Frieght_Adda_Scenarios" name="verifyAdminLoginFunctionality" time="0.0">
    <ignored/>
  </testcase> <!-- verifyAdminLoginFunctionality -->
  <testcase classname="com.product_logistic_friegt_forwarding.Producr_Frieght_Adda_Scenarios" name="verifySearchAirline" time="0.0">
    <ignored/>
  </testcase> <!-- verifySearchAirline -->
  <testcase classname="com.product_logistic_friegt_forwarding.Producr_Frieght_Adda_Scenarios" name="verifyDownloadAirline" time="0.0">
    <ignored/>
  </testcase> <!-- verifyDownloadAirline -->
  <testcase classname="com.product_logistic_friegt_forwarding.Producr_Frieght_Adda_Scenarios" name="veriyCreateChargeType" time="0.0">
    <ignored/>
  </testcase> <!-- veriyCreateChargeType -->
  <testcase classname="com.product_logistic_friegt_forwarding.Producr_Frieght_Adda_Scenarios" name="verifyDownloadAirlinesDetialsInExcelFormat" time="0.0">
    <ignored/>
  </testcase> <!-- verifyDownloadAirlinesDetialsInExcelFormat -->
  <testcase classname="com.product_logistic_friegt_forwarding.Producr_Frieght_Adda_Scenarios" name="navigatefrom_AirlineUpdatePage_To_MasterPage" time="0.0">
    <ignored/>
  </testcase> <!-- navigatefrom_AirlineUpdatePage_To_MasterPage -->
  <testcase classname="com.product_logistic_friegt_forwarding.Producr_Frieght_Adda_Scenarios" name="navigatefrom_AirlinePage_To_MasterPage" time="0.0">
    <ignored/>
  </testcase> <!-- navigatefrom_AirlinePage_To_MasterPage -->
</testsuite>
