<?xml version="1.0" encoding="UTF-8"?>
<!-- Generated by org.testng.reporters.JUnitXMLReporter -->
<testsuite ignored="5" hostname="LAPTOP-OS77LBS0" failures="0" tests="0" time="1.874" errors="0" timestamp="2023-03-20T12:51:00 IST">
  <testcase classname="com.product_logistic_friegt_forwarding.Producr_Frieght_Adda_Scenarios" name="verifyCreateServiceType" time="0.0">
    <ignored/>
  </testcase> <!-- verifyCreateServiceType -->
  <testcase classname="com.product_logistic_friegt_forwarding.Producr_Frieght_Adda_Scenarios" name="verifyCreateBranches" time="0.0">
    <ignored/>
  </testcase> <!-- verifyCreateBranches -->
  <testcase classname="com.product_logistic_friegt_forwarding.Producr_Frieght_Adda_Scenarios" name="verifyAdminLoginFunctionality" time="0.0">
    <ignored/>
  </testcase> <!-- verifyAdminLoginFunctionality -->
  <testcase classname="com.product_logistic_friegt_forwarding.Producr_Frieght_Adda_Scenarios" name="veriyCreateChargeType" time="0.0">
    <ignored/>
  </testcase> <!-- veriyCreateChargeType -->
  <testcase classname="com.product_logistic_friegt_forwarding.Producr_Frieght_Adda_Scenarios" name="verifyCreateAirline" time="0.0">
    <ignored/>
  </testcase> <!-- verifyCreateAirline -->
</testsuite>
