<?xml version="1.0" encoding="UTF-8"?>
<testng-results ignored="27" total="28" passed="1" failed="0" skipped="0">
  <reporter-output>
  </reporter-output>
  <suite started-at="2023-04-10T16:01:13 IST" name="Default suite" finished-at="2023-04-10T16:01:28 IST" duration-ms="15264">
    <groups>
    </groups>
    <test started-at="2023-04-10T16:01:13 IST" name="Default test" finished-at="2023-04-10T16:01:28 IST" duration-ms="15264">
      <class name="com.product_logistic_friegt_forwarding.Producr_Frieght_Adda_Scenarios">
        <test-method is-config="true" signature="initializeChrome()[pri:0, instance:com.product_logistic_friegt_forwarding.Producr_Frieght_Adda_Scenarios@73a1e9a9]" started-at="2023-04-10T16:01:13 IST" name="initializeChrome" finished-at="2023-04-10T16:01:16 IST" duration-ms="2779" status="PASS">
          <reporter-output>
          </reporter-output>
        </test-method> <!-- initializeChrome -->
        <test-method signature="validateAirliePage()[pri:16, instance:com.product_logistic_friegt_forwarding.Producr_Frieght_Adda_Scenarios@73a1e9a9]" started-at="2023-04-10T16:01:16 IST" name="validateAirliePage" description="This testcase verifies Airline Page" finished-at="2023-04-10T16:01:28 IST" duration-ms="12204" status="PASS">
          <reporter-output>
          </reporter-output>
        </test-method> <!-- validateAirliePage -->
        <test-method is-config="true" signature="tearDown()[pri:0, instance:com.product_logistic_friegt_forwarding.Producr_Frieght_Adda_Scenarios@73a1e9a9]" started-at="2023-04-10T16:01:28 IST" name="tearDown" finished-at="2023-04-10T16:01:28 IST" duration-ms="2" status="PASS">
          <reporter-output>
          </reporter-output>
        </test-method> <!-- tearDown -->
      </class> <!-- com.product_logistic_friegt_forwarding.Producr_Frieght_Adda_Scenarios -->
    </test> <!-- Default test -->
  </suite> <!-- Default suite -->
</testng-results>
