<?xml version="1.0" encoding="UTF-8"?>
<testng-results ignored="5" total="6" passed="1" failed="0" skipped="0">
  <reporter-output>
  </reporter-output>
  <suite started-at="2023-03-21T14:51:22 IST" name="Default suite" finished-at="2023-03-21T14:51:39 IST" duration-ms="16853">
    <groups>
    </groups>
    <test started-at="2023-03-21T14:51:22 IST" name="Default test" finished-at="2023-03-21T14:51:39 IST" duration-ms="16853">
      <class name="com.product_logistic_friegt_forwarding.Producr_Frieght_Adda_Scenarios">
        <test-method is-config="true" signature="initializeChrome()[pri:0, instance:com.product_logistic_friegt_forwarding.Producr_Frieght_Adda_Scenarios@4c371370]" started-at="2023-03-21T14:51:23 IST" name="initializeChrome" finished-at="2023-03-21T14:51:26 IST" duration-ms="2971" status="PASS">
          <reporter-output>
          </reporter-output>
        </test-method> <!-- initializeChrome -->
        <test-method signature="verifyCreateServiceType()[pri:3, instance:com.product_logistic_friegt_forwarding.Producr_Frieght_Adda_Scenarios@4c371370]" started-at="2023-03-21T14:51:26 IST" name="verifyCreateServiceType" description="This testcase verifies create a service type " finished-at="2023-03-21T14:51:39 IST" duration-ms="13486" status="PASS">
          <reporter-output>
          </reporter-output>
        </test-method> <!-- verifyCreateServiceType -->
        <test-method is-config="true" signature="tearDown()[pri:0, instance:com.product_logistic_friegt_forwarding.Producr_Frieght_Adda_Scenarios@4c371370]" started-at="2023-03-21T14:51:39 IST" name="tearDown" finished-at="2023-03-21T14:51:39 IST" duration-ms="0" status="PASS">
          <reporter-output>
          </reporter-output>
        </test-method> <!-- tearDown -->
      </class> <!-- com.product_logistic_friegt_forwarding.Producr_Frieght_Adda_Scenarios -->
    </test> <!-- Default test -->
  </suite> <!-- Default suite -->
</testng-results>
